<?xml version="1.0" encoding="UTF-8"?>
<testsuite name="com.example.rideon.viewmodel.AuthRegisterTests" tests="2" skipped="0" failures="0" errors="0" timestamp="2025-12-01T02:32:01.041Z" hostname="DESKTOP-B38LDPG" time="1.028">
  <properties/>
  <testcase name="validateRegister disables submit when invalid" classname="com.example.rideon.viewmodel.AuthRegisterTests" time="0.813"/>
  <testcase name="submitRegister failure surfaces error" classname="com.example.rideon.viewmodel.AuthRegisterTests" time="0.212"/>
  <system-out><![CDATA[]]></system-out>
  <system-err><![CDATA[]]></system-err>
</testsuite>
