<?xml version="1.0" encoding="UTF-8"?>
<testsuite name="com.example.rideon.repository.UserRepositoryTest" tests="2" skipped="0" failures="0" errors="0" timestamp="2025-12-01T02:31:59.880Z" hostname="DESKTOP-B38LDPG" time="1.067">
  <properties/>
  <testcase name="register hashes password and inserts user" classname="com.example.rideon.repository.UserRepositoryTest" time="0.361"/>
  <testcase name="login succeeds when password matches hashed value" classname="com.example.rideon.repository.UserRepositoryTest" time="0.704"/>
  <system-out><![CDATA[]]></system-out>
  <system-err><![CDATA[]]></system-err>
</testsuite>
