<?xml version="1.0" encoding="UTF-8"?>
<testsuite name="com.example.rideon.viewmodel.AuthViewModelTest" tests="5" skipped="0" failures="0" errors="0" timestamp="2025-12-01T02:32:02.084Z" hostname="DESKTOP-B38LDPG" time="0.069">
  <properties/>
  <testcase name="validateLogin enables submit only when fields valid" classname="com.example.rideon.viewmodel.AuthViewModelTest" time="0.005"/>
  <testcase name="submitLogin success updates state and calls saveSession" classname="com.example.rideon.viewmodel.AuthViewModelTest" time="0.019"/>
  <testcase name="submitLogin failure updates error state" classname="com.example.rideon.viewmodel.AuthViewModelTest" time="0.013"/>
  <testcase name="submitRegister success saves session" classname="com.example.rideon.viewmodel.AuthViewModelTest" time="0.012"/>
  <testcase name="logout clears session and calls onDone" classname="com.example.rideon.viewmodel.AuthViewModelTest" time="0.013"/>
  <system-out><![CDATA[]]></system-out>
  <system-err><![CDATA[]]></system-err>
</testsuite>
